
> nextjs@0.1.0 dev
> next dev

▲ Next.js 16.2.0 (Turbopack)
- Local:         http://localhost:3000
- Network:       http://192.168.0.2:3000
✓ Ready in 535ms
Attention: Next.js now collects completely anonymous telemetry regarding usage.
This information is used to shape Next.js' roadmap and prioritize features.
You can learn more, including how to opt-out if you'd not like to participate in this anonymous program, by visiting the following URL:
https://nextjs.org/telemetry


⨯ Error: Your project's URL and Key are required to create a Supabase client!

Check your Supabase project's API settings to find these values

https://supabase.com/dashboard/project/_/settings/api
    at <unknown> (https://supabase.com/dashboard/project/_/settings/api)
    at updateSession (utils/supabase/middleware.ts:10:38)
    at proxy (proxy.ts:5:29)
   8 |   });
   9 |
> 10 |   const supabase = createServerClient(
     |                                      ^
  11 |     process.env.NEXT_PUBLIC_SUPABASE_URL!,
  12 |     process.env.NEXT_PUBLIC_SUPABASE_PUBLISHABLE_DEFAULT_KEY!,
  13 |     {
 GET / 404 in 1810ms (next.js: -147062µs, proxy.ts: 1803ms, application-code: 153ms)
[browser] Uncaught Error: Your project's URL and Key are required to create a Supabase client!

Check your Supabase project's API settings to find these values

https://supabase.com/dashboard/project/_/settings/api
    at <unknown> (https://supabase.com/dashboard/project/_/settings/api)
    at <unknown> (https://supabase.com/dashboard/project/_/settings/api)
    at updateSession (utils/supabase/middleware.ts:10:38)
    at proxy (proxy.ts:5:29)
   8 |   });
   9 |
> 10 |   const supabase = createServerClient(
     |                                      ^
  11 |     process.env.NEXT_PUBLIC_SUPABASE_URL!,
  12 |     process.env.NEXT_PUBLIC_SUPABASE_PUBLISHABLE_DEFAULT_KEY!,
  13 |     {
○ Compiling /_not-found/page ...
